{"name": "Заказ корректно оформляется на обоих этапах", "status": "broken", "statusDetails": {"message": "selenium.common.exceptions.NoSuchElementException: Message: Unable to locate element: //input[contains(@placeholder, \"Телефон\")]; For documentation on this error, please visit: https://www.selenium.dev/documentation/webdriver/troubleshooting/errors#no-such-element-exception\nStacktrace:\nRemoteError@chrome://remote/content/shared/RemoteError.sys.mjs:8:8\nWebDriverError@chrome://remote/content/shared/webdriver/Errors.sys.mjs:193:5\nNoSuchElementError@chrome://remote/content/shared/webdriver/Errors.sys.mjs:511:5\ndom.find/</<@chrome://remote/content/shared/DOM.sys.mjs:136:16", "trace": "self = <test_order_page.TestOrderPage object at 0x000001B670ACE360>\nopen_page = <selenium.webdriver.firefox.webdriver.WebDriver (session=\"34332ce6-3ab4-489e-9986-c2765e84bad5\")>, order_button_action = 'main'\n\n    @allure.title('Заказ корректно оформляется на обоих этапах')\n    @allure.description('Оформление заказа по кнопке \"Заказать из хедера и на главной страницы\"')\n    @pytest.mark.parametrize(\"order_button_action\", [\"header\", \"main\"])\n    def test_order_placement_success(self, open_page, order_button_action):\n        driver = open_page\n        # инициализация классов\n        self.header_page = HeaderPage(driver)\n        self.main_page = MainPage(driver)\n        self.order_page = OrderPage(driver)\n    \n        # Клик по кнопке \"Заказать\" в зависимости от параметра\n        if order_button_action == \"header\":\n            self.header_page.click_header_order_btn()\n        elif order_button_action == \"main\":\n            self.main_page.click_main_order_btn()\n    \n        # Ввод рандомных данных в форму заказа с персональной информацией\n>       self.order_page.enter_random_data_in_form_personal_info()\n\ntests\\test_order_page.py:27: \n_ _ _ _ _ _ _ _ _ _ _ _ _ _ _ _ _ _ _ _ _ _ _ _ _ _ _ _ _ _ _ _ _ _ _ _ _ _ _ _ _ _ _ _ _ _ _ _ _ _ _ _ _ _ _ _ _ _ _ _ _ _ _ _ _ _ _ _ _ _ _ _ _ _ _ _ _ _ _ _\npages\\order_page.py:87: in enter_random_data_in_form_personal_info\n    self.enter_phone_input(self.generator_data.get_phone_number())\npages\\order_page.py:38: in enter_phone_input\n    self.send_keys(OrderPageLocators.phone_input, value)\npages\\base_page.py:17: in send_keys\n    self.driver.find_element(*locator).send_keys(value)\nvenv\\Lib\\site-packages\\selenium\\webdriver\\remote\\webdriver.py:888: in find_element\n    return self.execute(Command.FIND_ELEMENT, {\"using\": by, \"value\": value})[\"value\"]\nvenv\\Lib\\site-packages\\selenium\\webdriver\\remote\\webdriver.py:429: in execute\n    self.error_handler.check_response(response)\n_ _ _ _ _ _ _ _ _ _ _ _ _ _ _ _ _ _ _ _ _ _ _ _ _ _ _ _ _ _ _ _ _ _ _ _ _ _ _ _ _ _ _ _ _ _ _ _ _ _ _ _ _ _ _ _ _ _ _ _ _ _ _ _ _ _ _ _ _ _ _ _ _ _ _ _ _ _ _ _\n\nself = <selenium.webdriver.remote.errorhandler.ErrorHandler object at 0x000001B67078F710>\nresponse = {'status': 404, 'value': '{\"value\":{\"error\":\"no such element\",\"message\":\"Unable to locate element: //input[contains(@p.../content/shared/webdriver/Errors.sys.mjs:511:5\\\\ndom.find/</<@chrome://remote/content/shared/DOM.sys.mjs:136:16\\\\n\"}}'}\n\n    def check_response(self, response: Dict[str, Any]) -> None:\n        \"\"\"Checks that a JSON response from the WebDriver does not have an\n        error.\n    \n        :Args:\n         - response - The JSON response from the WebDriver server as a dictionary\n           object.\n    \n        :Raises: If the response contains an error message.\n        \"\"\"\n        status = response.get(\"status\", None)\n        if not status or status == ErrorCode.SUCCESS:\n            return\n        value = None\n        message = response.get(\"message\", \"\")\n        screen: str = response.get(\"screen\", \"\")\n        stacktrace = None\n        if isinstance(status, int):\n            value_json = response.get(\"value\", None)\n            if value_json and isinstance(value_json, str):\n                import json\n    \n                try:\n                    value = json.loads(value_json)\n                    if len(value) == 1:\n                        value = value[\"value\"]\n                    status = value.get(\"error\", None)\n                    if not status:\n                        status = value.get(\"status\", ErrorCode.UNKNOWN_ERROR)\n                        message = value.get(\"value\") or value.get(\"message\")\n                        if not isinstance(message, str):\n                            value = message\n                            message = message.get(\"message\")\n                    else:\n                        message = value.get(\"message\", None)\n                except ValueError:\n                    pass\n    \n        exception_class: Type[WebDriverException]\n        e = ErrorCode()\n        error_codes = [item for item in dir(e) if not item.startswith(\"__\")]\n        for error_code in error_codes:\n            error_info = getattr(ErrorCode, error_code)\n            if isinstance(error_info, list) and status in error_info:\n                exception_class = getattr(ExceptionMapping, error_code, WebDriverException)\n                break\n        else:\n            exception_class = WebDriverException\n    \n        if not value:\n            value = response[\"value\"]\n        if isinstance(value, str):\n            raise exception_class(value)\n        if message == \"\" and \"message\" in value:\n            message = value[\"message\"]\n    \n        screen = None  # type: ignore[assignment]\n        if \"screen\" in value:\n            screen = value[\"screen\"]\n    \n        stacktrace = None\n        st_value = value.get(\"stackTrace\") or value.get(\"stacktrace\")\n        if st_value:\n            if isinstance(st_value, str):\n                stacktrace = st_value.split(\"\\n\")\n            else:\n                stacktrace = []\n                try:\n                    for frame in st_value:\n                        line = frame.get(\"lineNumber\", \"\")\n                        file = frame.get(\"fileName\", \"<anonymous>\")\n                        if line:\n                            file = f\"{file}:{line}\"\n                        meth = frame.get(\"methodName\", \"<anonymous>\")\n                        if \"className\" in frame:\n                            meth = f\"{frame['className']}.{meth}\"\n                        msg = \"    at %s (%s)\"\n                        msg = msg % (meth, file)\n                        stacktrace.append(msg)\n                except TypeError:\n                    pass\n        if exception_class == UnexpectedAlertPresentException:\n            alert_text = None\n            if \"data\" in value:\n                alert_text = value[\"data\"].get(\"text\")\n            elif \"alert\" in value:\n                alert_text = value[\"alert\"].get(\"text\")\n            raise exception_class(message, screen, stacktrace, alert_text)  # type: ignore[call-arg]  # mypy is not smart enough here\n>       raise exception_class(message, screen, stacktrace)\nE       selenium.common.exceptions.NoSuchElementException: Message: Unable to locate element: //input[contains(@placeholder, \"Телефон\")]; For documentation on this error, please visit: https://www.selenium.dev/documentation/webdriver/troubleshooting/errors#no-such-element-exception\nE       Stacktrace:\nE       RemoteError@chrome://remote/content/shared/RemoteError.sys.mjs:8:8\nE       WebDriverError@chrome://remote/content/shared/webdriver/Errors.sys.mjs:193:5\nE       NoSuchElementError@chrome://remote/content/shared/webdriver/Errors.sys.mjs:511:5\nE       dom.find/</<@chrome://remote/content/shared/DOM.sys.mjs:136:16\n\nvenv\\Lib\\site-packages\\selenium\\webdriver\\remote\\errorhandler.py:232: NoSuchElementException"}, "description": "Оформление заказа по кнопке \"Заказать из хедера и на главной страницы\"", "steps": [{"name": "Скролл и клик по кнопке 'Заказать' на Главной странице", "status": "passed", "steps": [{"name": "Скролл до кнопки 'Заказать' на Главной странице", "status": "passed", "start": 1738353360979, "stop": 1738353361090}, {"name": "Клик по кнопке 'Заказать' на Главной странице", "status": "passed", "start": 1738353361090, "stop": 1738353361405}], "start": 1738353360979, "stop": 1738353361405}, {"name": "Заполнение формы \"Для кого самокат\"", "status": "broken", "statusDetails": {"message": "selenium.common.exceptions.NoSuchElementException: Message: Unable to locate element: //input[contains(@placeholder, \"Телефон\")]; For documentation on this error, please visit: https://www.selenium.dev/documentation/webdriver/troubleshooting/errors#no-such-element-exception\nStacktrace:\nRemoteError@chrome://remote/content/shared/RemoteError.sys.mjs:8:8\nWebDriverError@chrome://remote/content/shared/webdriver/Errors.sys.mjs:193:5\nNoSuchElementError@chrome://remote/content/shared/webdriver/Errors.sys.mjs:511:5\ndom.find/</<@chrome://remote/content/shared/DOM.sys.mjs:136:16\n\n", "trace": "  File \"C:\\Users\\murli\\Python_yandex_my_project\\sprint_6\\venv\\Lib\\site-packages\\allure_commons\\_allure.py\", line 192, in impl\n    return func(*a, **kw)\n           ^^^^^^^^^^^^^^\n  File \"C:\\Users\\murli\\Python_yandex_my_project\\sprint_6\\pages\\order_page.py\", line 87, in enter_random_data_in_form_personal_info\n    self.enter_phone_input(self.generator_data.get_phone_number())\n  File \"C:\\Users\\murli\\Python_yandex_my_project\\sprint_6\\venv\\Lib\\site-packages\\allure_commons\\_allure.py\", line 192, in impl\n    return func(*a, **kw)\n           ^^^^^^^^^^^^^^\n  File \"C:\\Users\\murli\\Python_yandex_my_project\\sprint_6\\pages\\order_page.py\", line 38, in enter_phone_input\n    self.send_keys(OrderPageLocators.phone_input, value)\n  File \"C:\\Users\\murli\\Python_yandex_my_project\\sprint_6\\pages\\base_page.py\", line 17, in send_keys\n    self.driver.find_element(*locator).send_keys(value)\n    ^^^^^^^^^^^^^^^^^^^^^^^^^^^^^^^^^^\n  File \"C:\\Users\\murli\\Python_yandex_my_project\\sprint_6\\venv\\Lib\\site-packages\\selenium\\webdriver\\remote\\webdriver.py\", line 888, in find_element\n    return self.execute(Command.FIND_ELEMENT, {\"using\": by, \"value\": value})[\"value\"]\n           ^^^^^^^^^^^^^^^^^^^^^^^^^^^^^^^^^^^^^^^^^^^^^^^^^^^^^^^^^^^^^^^^^\n  File \"C:\\Users\\murli\\Python_yandex_my_project\\sprint_6\\venv\\Lib\\site-packages\\selenium\\webdriver\\remote\\webdriver.py\", line 429, in execute\n    self.error_handler.check_response(response)\n  File \"C:\\Users\\murli\\Python_yandex_my_project\\sprint_6\\venv\\Lib\\site-packages\\selenium\\webdriver\\remote\\errorhandler.py\", line 232, in check_response\n    raise exception_class(message, screen, stacktrace)\n"}, "steps": [{"name": "Заполнение поля \"Имя\"", "status": "passed", "parameters": [{"name": "value", "value": "'Гостомысл'"}], "start": 1738353361406, "stop": 1738353361608}, {"name": "Заполнение поля \"Фамилия\"", "status": "passed", "parameters": [{"name": "value", "value": "'Герасимов'"}], "start": 1738353361609, "stop": 1738353361677}, {"name": "Заполнение поля \"Адрес\"", "status": "passed", "parameters": [{"name": "value", "value": "'ул. Речная, дом 8'"}], "start": 1738353361677, "stop": 1738353361769}, {"name": "Выбор станции метро", "status": "passed", "parameters": [{"name": "value", "value": "'Краснопресненская'"}], "start": 1738353361769, "stop": 1738353362059}, {"name": "Заполнение поля \"Телефон\"", "status": "broken", "statusDetails": {"message": "selenium.common.exceptions.NoSuchElementException: Message: Unable to locate element: //input[contains(@placeholder, \"Телефон\")]; For documentation on this error, please visit: https://www.selenium.dev/documentation/webdriver/troubleshooting/errors#no-such-element-exception\nStacktrace:\nRemoteError@chrome://remote/content/shared/RemoteError.sys.mjs:8:8\nWebDriverError@chrome://remote/content/shared/webdriver/Errors.sys.mjs:193:5\nNoSuchElementError@chrome://remote/content/shared/webdriver/Errors.sys.mjs:511:5\ndom.find/</<@chrome://remote/content/shared/DOM.sys.mjs:136:16\n\n", "trace": "  File \"C:\\Users\\murli\\Python_yandex_my_project\\sprint_6\\venv\\Lib\\site-packages\\allure_commons\\_allure.py\", line 192, in impl\n    return func(*a, **kw)\n           ^^^^^^^^^^^^^^\n  File \"C:\\Users\\murli\\Python_yandex_my_project\\sprint_6\\pages\\order_page.py\", line 38, in enter_phone_input\n    self.send_keys(OrderPageLocators.phone_input, value)\n  File \"C:\\Users\\murli\\Python_yandex_my_project\\sprint_6\\pages\\base_page.py\", line 17, in send_keys\n    self.driver.find_element(*locator).send_keys(value)\n    ^^^^^^^^^^^^^^^^^^^^^^^^^^^^^^^^^^\n  File \"C:\\Users\\murli\\Python_yandex_my_project\\sprint_6\\venv\\Lib\\site-packages\\selenium\\webdriver\\remote\\webdriver.py\", line 888, in find_element\n    return self.execute(Command.FIND_ELEMENT, {\"using\": by, \"value\": value})[\"value\"]\n           ^^^^^^^^^^^^^^^^^^^^^^^^^^^^^^^^^^^^^^^^^^^^^^^^^^^^^^^^^^^^^^^^^\n  File \"C:\\Users\\murli\\Python_yandex_my_project\\sprint_6\\venv\\Lib\\site-packages\\selenium\\webdriver\\remote\\webdriver.py\", line 429, in execute\n    self.error_handler.check_response(response)\n  File \"C:\\Users\\murli\\Python_yandex_my_project\\sprint_6\\venv\\Lib\\site-packages\\selenium\\webdriver\\remote\\errorhandler.py\", line 232, in check_response\n    raise exception_class(message, screen, stacktrace)\n"}, "parameters": [{"name": "value", "value": "'87083794962'"}], "start": 1738353362059, "stop": 1738353362063}], "start": 1738353361406, "stop": 1738353362139}], "parameters": [{"name": "order_button_action", "value": "'main'"}], "start": 1738353360975, "stop": 1738353362141, "uuid": "a5c13334-13f7-4b5d-b39a-ee9bf810cdc4", "historyId": "f9c226e538a2b123b0260576024380ab", "testCaseId": "1c96ff05422cb55a803e14e192c26438", "fullName": "tests.test_order_page.TestOrderPage#test_order_placement_success", "labels": [{"name": "parentSuite", "value": "tests"}, {"name": "suite", "value": "test_order_page"}, {"name": "subSuite", "value": "TestOrderPage"}, {"name": "host", "value": "DESKTOP-CNNMT1K"}, {"name": "thread", "value": "13424-MainThread"}, {"name": "framework", "value": "pytest"}, {"name": "language", "value": "cpython3"}, {"name": "package", "value": "tests.test_order_page"}]}